<?xml version="1.0" encoding="UTF-8"?>
<testsuite name="com.graphql.example.tests.simple.FirstGraphQLTest" tests="1" skipped="0" failures="0" errors="0" timestamp="2021-08-10T08:19:30" hostname="DESKTOP-QOMK2E6" time="2.37">
  <properties/>
  <testcase name="testCanGetCeo()" classname="com.graphql.example.tests.simple.FirstGraphQLTest" time="2.37"/>
  <system-out><![CDATA[Request method:	POST
Request URI:	https://api.spacex.land/graphql
Proxy:			<none>
Request params:	<none>
Query params:	<none>
Form params:	<none>
Path params:	<none>
Headers:		Accept=*/*
				Content-Type=application/json
Cookies:		<none>
Multiparts:		<none>
Body:
{
    "query": "{ company { employees name ceo coo }}"
}
HTTP/1.1 200 OK
Server: Cowboy
Connection: keep-alive
X-Powered-By: Express
Access-Control-Allow-Origin: *
Content-Type: application/json; charset=utf-8
Content-Length: 98
Etag: W/"62-X8rEG/p0l6gktfWv5vMhxCELwDg"
Date: Tue, 10 Aug 2021 08:19:33 GMT
Via: 1.1 vegur

{
    "data": {
        "company": {
            "employees": 7000,
            "name": "SpaceX",
            "ceo": "Elon Musk",
            "coo": "Gwynne Shotwell"
        }
    }
}
]]></system-out>
  <system-err><![CDATA[]]></system-err>
</testsuite>
